[debug] [2025-07-24T12:29:15.143Z] ----------------------------------------------------------------------
[debug] [2025-07-24T12:29:15.148Z] Command:       C:\Program Files\nodejs\node.exe C:\Users\pharmacognosie\AppData\Roaming\npm\node_modules\firebase-tools\lib\bin\firebase.js init
[debug] [2025-07-24T12:29:15.149Z] CLI Version:   14.11.1
[debug] [2025-07-24T12:29:15.149Z] Platform:      win32
[debug] [2025-07-24T12:29:15.149Z] Node Version:  v20.19.4
[debug] [2025-07-24T12:29:15.150Z] Time:          Thu Jul 24 2025 14:29:15 GMT+0200 (heure d’été d’Europe centrale)
[debug] [2025-07-24T12:29:15.150Z] ----------------------------------------------------------------------
[debug] 
[debug] [2025-07-24T12:29:15.162Z] > command requires scopes: ["email","openid","https://www.googleapis.com/auth/cloudplatformprojects.readonly","https://www.googleapis.com/auth/firebase","https://www.googleapis.com/auth/cloud-platform"]
[debug] [2025-07-24T12:29:15.162Z] > authorizing via signed-in user (michy121296@gmail.com)
[info] 
     ######## #### ########  ######## ########     ###     ######  ########
     ##        ##  ##     ## ##       ##     ##  ##   ##  ##       ##
     ######    ##  ########  ######   ########  #########  ######  ######
     ##        ##  ##    ##  ##       ##     ## ##     ##       ## ##
     ##       #### ##     ## ######## ########  ##     ##  ######  ########

You're about to initialize a Firebase project in this directory:

  F:\Cannabinotron\pythonProject\Bots\pokemon-tracker

[debug] [2025-07-24T12:31:40.386Z] ExitPromptError: User force closed the prompt with SIGINT
    at Interface.sigint (C:\Users\pharmacognosie\AppData\Roaming\npm\node_modules\firebase-tools\node_modules\@inquirer\core\dist\commonjs\lib\create-prompt.js:101:37)
    at Interface.emit (node:events:524:28)
    at Interface.emit (node:domain:489:12)
    at [_ttyWrite] [as _ttyWrite] (node:internal/readline/interface:1125:18)
    at ReadStream.onkeypress (node:internal/readline/interface:264:20)
    at ReadStream.emit (node:events:536:35)
    at ReadStream.emit (node:domain:489:12)
    at emitKeys (node:internal/readline/utils:371:14)
    at emitKeys.next (<anonymous>)
    at ReadStream.onData (node:internal/readline/emitKeypressEvents:64:36)
[error] 
[error] Error: An unexpected error has occurred.
